Start testing: Jun 17 14:12 RTZ 2 (çèìà)
----------------------------------------------------------
1/3 Testing: BoardTests
1/3 Test: BoardTests
Command: "C:/Users/Mustafayev/OneDrive/Desktop/AIP Project 3-4 module/minesweeper/build/tests_board.exe"
Directory: C:/Users/Mustafayev/OneDrive/Desktop/AIP Project 3-4 module/minesweeper/build
"BoardTests" start time: Jun 17 14:12 RTZ 2 (çèìà)
Output:
----------------------------------------------------------
[doctest] doctest version is "2.4.12"
[doctest] run with "--help" for options
===============================================================================
[doctest] test cases: 5 | 5 passed | 0 failed | 0 skipped
[doctest] assertions: 8 | 8 passed | 0 failed |
[doctest] Status: SUCCESS!
<end of output>
Test time =   0.63 sec
----------------------------------------------------------
Test Passed.
"BoardTests" end time: Jun 17 14:12 RTZ 2 (çèìà)
"BoardTests" time elapsed: 00:00:00
----------------------------------------------------------

2/3 Testing: GameTests
2/3 Test: GameTests
Command: "C:/Users/Mustafayev/OneDrive/Desktop/AIP Project 3-4 module/minesweeper/build/tests_game.exe"
Directory: C:/Users/Mustafayev/OneDrive/Desktop/AIP Project 3-4 module/minesweeper/build
"GameTests" start time: Jun 17 14:12 RTZ 2 (çèìà)
Output:
----------------------------------------------------------
[doctest] doctest version is "2.4.12"
[doctest] run with "--help" for options
===============================================================================
[doctest] test cases:  3 |  3 passed | 0 failed | 0 skipped
[doctest] assertions: 12 | 12 passed | 0 failed |
[doctest] Status: SUCCESS!
<end of output>
Test time =   1.70 sec
----------------------------------------------------------
Test Passed.
"GameTests" end time: Jun 17 14:12 RTZ 2 (çèìà)
"GameTests" time elapsed: 00:00:01
----------------------------------------------------------

3/3 Testing: MenuTests
3/3 Test: MenuTests
Command: "C:/Users/Mustafayev/OneDrive/Desktop/AIP Project 3-4 module/minesweeper/build/tests_menu.exe"
Directory: C:/Users/Mustafayev/OneDrive/Desktop/AIP Project 3-4 module/minesweeper/build
"MenuTests" start time: Jun 17 14:12 RTZ 2 (çèìà)
Output:
----------------------------------------------------------
[doctest] doctest version is "2.4.12"
[doctest] run with "--help" for options
===============================================================================
[doctest] test cases: 3 | 3 passed | 0 failed | 0 skipped
[doctest] assertions: 8 | 8 passed | 0 failed |
[doctest] Status: SUCCESS!
<end of output>
Test time =   0.31 sec
----------------------------------------------------------
Test Passed.
"MenuTests" end time: Jun 17 14:12 RTZ 2 (çèìà)
"MenuTests" time elapsed: 00:00:00
----------------------------------------------------------

End testing: Jun 17 14:12 RTZ 2 (çèìà)
